[0.280s] Invoking command in '/home/theo/drift/ros2_ws/build/my_package': DEBUGINFOD_URLS=https://debuginfod.ubuntu.com PYTHONPATH=/home/theo/drift/ros2_ws/build/my_package/prefix_override:/usr/lib/python3/dist-packages/colcon_core/task/python/colcon_distutils_commands:/home/theo/drift/ros2_ws/install/my_package/lib/python3.12/site-packages:${PYTHONPATH} /usr/bin/python3 -W ignore:setup.py install is deprecated -W ignore:easy_install command is deprecated setup.py develop --editable --build-directory /home/theo/drift/ros2_ws/build/my_package/build --no-deps symlink_data
[0.387s] running develop
[0.444s] running egg_info
[0.451s] writing my_package.egg-info/PKG-INFO
[0.451s] writing dependency_links to my_package.egg-info/dependency_links.txt
[0.451s] writing entry points to my_package.egg-info/entry_points.txt
[0.451s] writing requirements to my_package.egg-info/requires.txt
[0.451s] writing top-level names to my_package.egg-info/top_level.txt
[0.463s] reading manifest file 'my_package.egg-info/SOURCES.txt'
[0.463s] writing manifest file 'my_package.egg-info/SOURCES.txt'
[0.468s] running build_ext
[0.468s] Creating /home/theo/drift/ros2_ws/install/my_package/lib/python3.12/site-packages/my-package.egg-link (link to .)
[0.469s] Installing arm_controller script to /home/theo/drift/ros2_ws/install/my_package/lib/my_package
[0.469s] Installing diff_drive_controller script to /home/theo/drift/ros2_ws/install/my_package/lib/my_package
[0.469s] 
[0.469s] Installed /home/theo/drift/ros2_ws/build/my_package
[0.469s] running symlink_data
[0.469s] creating /home/theo/drift/ros2_ws/install/my_package/share/my_package/config/moveit
[0.469s] symbolically linking /home/theo/drift/ros2_ws/build/my_package/config/moveit/moveit_controllers.yaml -> /home/theo/drift/ros2_ws/install/my_package/share/my_package/config/moveit
[0.469s] symbolically linking /home/theo/drift/ros2_ws/build/my_package/config/moveit/kinematics.yaml -> /home/theo/drift/ros2_ws/install/my_package/share/my_package/config/moveit
[0.469s] symbolically linking /home/theo/drift/ros2_ws/build/my_package/config/moveit/planning.yaml -> /home/theo/drift/ros2_ws/install/my_package/share/my_package/config/moveit
[0.469s] symbolically linking /home/theo/drift/ros2_ws/build/my_package/config/moveit/arm.srdf -> /home/theo/drift/ros2_ws/install/my_package/share/my_package/config/moveit
[0.484s] Invoked command in '/home/theo/drift/ros2_ws/build/my_package' returned '0': DEBUGINFOD_URLS=https://debuginfod.ubuntu.com PYTHONPATH=/home/theo/drift/ros2_ws/build/my_package/prefix_override:/usr/lib/python3/dist-packages/colcon_core/task/python/colcon_distutils_commands:/home/theo/drift/ros2_ws/install/my_package/lib/python3.12/site-packages:${PYTHONPATH} /usr/bin/python3 -W ignore:setup.py install is deprecated -W ignore:easy_install command is deprecated setup.py develop --editable --build-directory /home/theo/drift/ros2_ws/build/my_package/build --no-deps symlink_data
