[0.297s] Invoking command in '/home/theo/drift/ros2_ws/build/my_package': DEBUGINFOD_URLS=https://debuginfod.ubuntu.com PYTHONPATH=/home/theo/drift/ros2_ws/build/my_package/prefix_override:/usr/lib/python3/dist-packages/colcon_core/task/python/colcon_distutils_commands:/home/theo/drift/ros2_ws/install/my_package/lib/python3.12/site-packages:${PYTHONPATH} /usr/bin/python3 -W ignore:setup.py install is deprecated -W ignore:easy_install command is deprecated setup.py develop --editable --build-directory /home/theo/drift/ros2_ws/build/my_package/build --no-deps symlink_data
[0.409s] running develop
[0.467s] running egg_info
[0.472s] writing my_package.egg-info/PKG-INFO
[0.473s] writing dependency_links to my_package.egg-info/dependency_links.txt
[0.473s] writing entry points to my_package.egg-info/entry_points.txt
[0.473s] writing requirements to my_package.egg-info/requires.txt
[0.473s] writing top-level names to my_package.egg-info/top_level.txt
[0.483s] reading manifest file 'my_package.egg-info/SOURCES.txt'
[0.484s] writing manifest file 'my_package.egg-info/SOURCES.txt'
[0.489s] running build_ext
[0.489s] Creating /home/theo/drift/ros2_ws/install/my_package/lib/python3.12/site-packages/my-package.egg-link (link to .)
[0.490s] Installing arm_controller script to /home/theo/drift/ros2_ws/install/my_package/lib/my_package
[0.490s] Installing arm_ik_controller script to /home/theo/drift/ros2_ws/install/my_package/lib/my_package
[0.490s] Installing diff_drive_controller script to /home/theo/drift/ros2_ws/install/my_package/lib/my_package
[0.490s] 
[0.490s] Installed /home/theo/drift/ros2_ws/build/my_package
[0.490s] running symlink_data
[0.490s] error: can't copy '/home/theo/drift/ros2_ws/build/my_package/config/moveit/moveit_controllers.yaml': doesn't exist or not a regular file
[0.503s] Invoked command in '/home/theo/drift/ros2_ws/build/my_package' returned '1': DEBUGINFOD_URLS=https://debuginfod.ubuntu.com PYTHONPATH=/home/theo/drift/ros2_ws/build/my_package/prefix_override:/usr/lib/python3/dist-packages/colcon_core/task/python/colcon_distutils_commands:/home/theo/drift/ros2_ws/install/my_package/lib/python3.12/site-packages:${PYTHONPATH} /usr/bin/python3 -W ignore:setup.py install is deprecated -W ignore:easy_install command is deprecated setup.py develop --editable --build-directory /home/theo/drift/ros2_ws/build/my_package/build --no-deps symlink_data
