running develop
running egg_info
creating my_package.egg-info
writing my_package.egg-info/PKG-INFO
writing dependency_links to my_package.egg-info/dependency_links.txt
writing entry points to my_package.egg-info/entry_points.txt
writing requirements to my_package.egg-info/requires.txt
writing top-level names to my_package.egg-info/top_level.txt
writing manifest file 'my_package.egg-info/SOURCES.txt'
reading manifest file 'my_package.egg-info/SOURCES.txt'
writing manifest file 'my_package.egg-info/SOURCES.txt'
running build_ext
Creating /home/theo/drift/ros2_ws/install/my_package/lib/python3.12/site-packages/my-package.egg-link (link to .)
Installing arm_controller script to /home/theo/drift/ros2_ws/install/my_package/lib/my_package
Installing diff_drive_controller script to /home/theo/drift/ros2_ws/install/my_package/lib/my_package

Installed /home/theo/drift/ros2_ws/build/my_package
running symlink_data
creating /home/theo/drift/ros2_ws/install/my_package/share/ament_index
creating /home/theo/drift/ros2_ws/install/my_package/share/ament_index/resource_index
creating /home/theo/drift/ros2_ws/install/my_package/share/ament_index/resource_index/packages
symbolically linking /home/theo/drift/ros2_ws/build/my_package/resource/my_package -> /home/theo/drift/ros2_ws/install/my_package/share/ament_index/resource_index/packages
symbolically linking /home/theo/drift/ros2_ws/build/my_package/package.xml -> /home/theo/drift/ros2_ws/install/my_package/share/my_package
creating /home/theo/drift/ros2_ws/install/my_package/share/my_package/launch
symbolically linking /home/theo/drift/ros2_ws/build/my_package/launch/arm.launch.py -> /home/theo/drift/ros2_ws/install/my_package/share/my_package/launch
symbolically linking /home/theo/drift/ros2_ws/build/my_package/launch/sim.launch.py -> /home/theo/drift/ros2_ws/install/my_package/share/my_package/launch
creating /home/theo/drift/ros2_ws/install/my_package/share/my_package/urdf
symbolically linking /home/theo/drift/ros2_ws/build/my_package/urdf/arm.urdf.xacro -> /home/theo/drift/ros2_ws/install/my_package/share/my_package/urdf
symbolically linking /home/theo/drift/ros2_ws/build/my_package/urdf/diff_drive.urdf.xacro -> /home/theo/drift/ros2_ws/install/my_package/share/my_package/urdf
creating /home/theo/drift/ros2_ws/install/my_package/share/my_package/config
symbolically linking /home/theo/drift/ros2_ws/build/my_package/config/arm_controllers.yaml -> /home/theo/drift/ros2_ws/install/my_package/share/my_package/config
symbolically linking /home/theo/drift/ros2_ws/build/my_package/config/controllers.yaml -> /home/theo/drift/ros2_ws/install/my_package/share/my_package/config
symbolically linking /home/theo/drift/ros2_ws/build/my_package/config/rviz.rviz -> /home/theo/drift/ros2_ws/install/my_package/share/my_package/config
