[0.275s] Invoking command in '/home/theo/drift/ros2_ws/build/my_package': DEBUGINFOD_URLS=https://debuginfod.ubuntu.com PYTHONPATH=/home/theo/drift/ros2_ws/build/my_package/prefix_override:/usr/lib/python3/dist-packages/colcon_core/task/python/colcon_distutils_commands:/home/theo/drift/ros2_ws/install/my_package/lib/python3.12/site-packages:${PYTHONPATH} /usr/bin/python3 -W ignore:setup.py install is deprecated -W ignore:easy_install command is deprecated setup.py develop --editable --build-directory /home/theo/drift/ros2_ws/build/my_package/build --no-deps symlink_data
[0.374s] running develop
[0.426s] running egg_info
[0.431s] writing my_package.egg-info/PKG-INFO
[0.431s] writing dependency_links to my_package.egg-info/dependency_links.txt
[0.431s] writing entry points to my_package.egg-info/entry_points.txt
[0.431s] writing requirements to my_package.egg-info/requires.txt
[0.431s] writing top-level names to my_package.egg-info/top_level.txt
[0.442s] reading manifest file 'my_package.egg-info/SOURCES.txt'
[0.443s] writing manifest file 'my_package.egg-info/SOURCES.txt'
[0.448s] running build_ext
[0.448s] Creating /home/theo/drift/ros2_ws/install/my_package/lib/python3.12/site-packages/my-package.egg-link (link to .)
[0.448s] Installing listener script to /home/theo/drift/ros2_ws/install/my_package/lib/my_package
[0.448s] Installing talker script to /home/theo/drift/ros2_ws/install/my_package/lib/my_package
[0.448s] 
[0.448s] Installed /home/theo/drift/ros2_ws/build/my_package
[0.448s] running symlink_data
[0.448s] creating /home/theo/drift/ros2_ws/install/my_package/share/my_package/launch
[0.449s] symbolically linking /home/theo/drift/ros2_ws/build/my_package/launch/talker.launch.py -> /home/theo/drift/ros2_ws/install/my_package/share/my_package/launch
[0.449s] symbolically linking /home/theo/drift/ros2_ws/build/my_package/launch/listener.launch.py -> /home/theo/drift/ros2_ws/install/my_package/share/my_package/launch
[0.462s] Invoked command in '/home/theo/drift/ros2_ws/build/my_package' returned '0': DEBUGINFOD_URLS=https://debuginfod.ubuntu.com PYTHONPATH=/home/theo/drift/ros2_ws/build/my_package/prefix_override:/usr/lib/python3/dist-packages/colcon_core/task/python/colcon_distutils_commands:/home/theo/drift/ros2_ws/install/my_package/lib/python3.12/site-packages:${PYTHONPATH} /usr/bin/python3 -W ignore:setup.py install is deprecated -W ignore:easy_install command is deprecated setup.py develop --editable --build-directory /home/theo/drift/ros2_ws/build/my_package/build --no-deps symlink_data
