[0.388s] Invoking command in '/home/theo/drift/ros2_ws/build/my_package': DEBUGINFOD_URLS=https://debuginfod.ubuntu.com PYTHONPATH=/home/theo/drift/ros2_ws/build/my_package/prefix_override:/usr/lib/python3/dist-packages/colcon_core/task/python/colcon_distutils_commands:/home/theo/drift/ros2_ws/install/my_package/lib/python3.12/site-packages:${PYTHONPATH} /usr/bin/python3 -W ignore:setup.py install is deprecated -W ignore:easy_install command is deprecated setup.py develop --editable --build-directory /home/theo/drift/ros2_ws/build/my_package/build --no-deps symlink_data
[0.489s] running develop
[0.544s] running egg_info
[0.544s] creating my_package.egg-info
[0.549s] writing my_package.egg-info/PKG-INFO
[0.549s] writing dependency_links to my_package.egg-info/dependency_links.txt
[0.549s] writing entry points to my_package.egg-info/entry_points.txt
[0.549s] writing requirements to my_package.egg-info/requires.txt
[0.549s] writing top-level names to my_package.egg-info/top_level.txt
[0.549s] writing manifest file 'my_package.egg-info/SOURCES.txt'
[0.560s] reading manifest file 'my_package.egg-info/SOURCES.txt'
[0.561s] writing manifest file 'my_package.egg-info/SOURCES.txt'
[0.566s] running build_ext
[0.566s] Creating /home/theo/drift/ros2_ws/install/my_package/lib/python3.12/site-packages/my-package.egg-link (link to .)
[0.567s] Installing listener script to /home/theo/drift/ros2_ws/install/my_package/lib/my_package
[0.567s] Installing talker script to /home/theo/drift/ros2_ws/install/my_package/lib/my_package
[0.567s] 
[0.567s] Installed /home/theo/drift/ros2_ws/build/my_package
[0.567s] running symlink_data
[0.567s] creating /home/theo/drift/ros2_ws/install/my_package/share/ament_index
[0.567s] creating /home/theo/drift/ros2_ws/install/my_package/share/ament_index/resource_index
[0.567s] creating /home/theo/drift/ros2_ws/install/my_package/share/ament_index/resource_index/packages
[0.567s] symbolically linking /home/theo/drift/ros2_ws/build/my_package/resource/my_package -> /home/theo/drift/ros2_ws/install/my_package/share/ament_index/resource_index/packages
[0.567s] symbolically linking /home/theo/drift/ros2_ws/build/my_package/package.xml -> /home/theo/drift/ros2_ws/install/my_package/share/my_package
[0.581s] Invoked command in '/home/theo/drift/ros2_ws/build/my_package' returned '0': DEBUGINFOD_URLS=https://debuginfod.ubuntu.com PYTHONPATH=/home/theo/drift/ros2_ws/build/my_package/prefix_override:/usr/lib/python3/dist-packages/colcon_core/task/python/colcon_distutils_commands:/home/theo/drift/ros2_ws/install/my_package/lib/python3.12/site-packages:${PYTHONPATH} /usr/bin/python3 -W ignore:setup.py install is deprecated -W ignore:easy_install command is deprecated setup.py develop --editable --build-directory /home/theo/drift/ros2_ws/build/my_package/build --no-deps symlink_data
